2026-03-10 11:03:57 | ------------------------------------
2026-03-10 11:03:57 | Auto Push Start
2026-03-10 11:03:57 | Changes detected. Preparing commit.
2026-03-10 11:03:57 | Commit created.
2026-03-10 11:03:58 | Retry push (1/3)
2026-03-10 11:04:09 | Retry push (2/3)
2026-03-10 11:05:08 | Retry push (3/3)
2026-03-10 11:05:18 | Push failed after retries.
2026-03-10 11:05:18 | Auto Push End
2026-03-10 11:33:59 | ------------------------------------
2026-03-10 11:33:59 | Auto Push Start
2026-03-10 11:33:59 | Changes detected. Preparing commit.
2026-03-10 11:34:00 | Commit created.
2026-03-10 11:34:03 | Push success.
2026-03-10 11:34:03 | Auto Push End
2026-03-10 12:05:20 | ------------------------------------
2026-03-10 12:05:20 | Auto Push Start
2026-03-10 12:05:20 | Changes detected. Preparing commit.
2026-03-10 12:05:21 | Commit created.
2026-03-10 12:05:24 | Push success.
2026-03-10 12:05:24 | Auto Push End
2026-03-10 12:33:59 | ------------------------------------
2026-03-10 12:33:59 | Auto Push Start
2026-03-10 12:33:59 | Changes detected. Preparing commit.
2026-03-10 12:33:59 | Commit created.
2026-03-10 12:34:02 | Push success.
2026-03-10 12:34:02 | Auto Push End
2026-03-10 13:04:52 | ------------------------------------
2026-03-10 13:04:53 | Auto Push Start
2026-03-10 13:04:55 | Changes detected. Preparing commit.
2026-03-10 13:04:58 | Commit created.
2026-03-10 13:05:32 | Push success.
2026-03-10 13:05:32 | Auto Push End
2026-03-10 13:33:58 | ------------------------------------
2026-03-10 13:33:58 | Auto Push Start
2026-03-10 13:33:59 | Changes detected. Preparing commit.
